<?xml version="1.0" encoding="UTF-8"?>
<!-- Generated by org.testng.reporters.JUnitXMLReporter -->
<testsuite hostname="DESKTOP-O3R1SP1" ignored="0" name="Default test" tests="16" failures="0" timestamp="02 May 2021 15:07:01 GMT" time="15.487" errors="0">
  <testcase name="verifyTitle" time="0.016" classname="com.TestClasses.TestUsefulLinksPage"/>
  <testcase name="varifyUsersText" time="0.047" classname="com.TestClasses.TestUsefulLinksPage"/>
  <testcase name="varifyHome" time="0.047" classname="com.TestClasses.TestUsefulLinksPage"/>
  <testcase name="varifyJBKTextInNavBar" time="0.046" classname="com.TestClasses.TestUsefulLinksPage"/>
  <testcase name="varifyLeftBar" time="0.047" classname="com.TestClasses.TestUsefulLinksPage"/>
  <testcase name="varifyFooter" time="0.047" classname="com.TestClasses.TestUsefulLinksPage"/>
  <testcase name="varifyLogoutText" time="0.047" classname="com.TestClasses.TestUsefulLinksPage"/>
  <testcase name="varifyUserListText" time="0.046" classname="com.TestClasses.TestUsefulLinksPage"/>
  <testcase name="clickHome" time="0.103" classname="com.TestClasses.TestUsefulLinksPage"/>
  <testcase name="clickJBKTextInNavBar" time="0.344" classname="com.TestClasses.TestUsefulLinksPage"/>
  <testcase name="clickOnlineText" time="0.123" classname="com.TestClasses.TestUsefulLinksPage"/>
  <testcase name="clickFooter" time="1.571" classname="com.TestClasses.TestUsefulLinksPage"/>
  <testcase name="clickIMG" time="1.036" classname="com.TestClasses.TestUsefulLinksPage"/>
  <testcase name="verifyTextInTable" time="11.486" classname="com.TestClasses.TestUsefulLinksPage"/>
  <testcase name="clickLogout" time="0.285" classname="com.TestClasses.TestUsefulLinksPage"/>
  <testcase name="verifyLogoutText" time="0.056" classname="com.TestClasses.TestUsefulLinksPage"/>
</testsuite> <!-- Default test -->
