<?xml version="1.0" encoding="UTF-8"?>
<!-- Generated by org.testng.reporters.JUnitXMLReporter -->
<testsuite hostname="DESKTOP-O3R1SP1" ignored="0" name="Test" tests="22" failures="2" timestamp="02 May 2021 17:06:51 GMT" time="126.614" errors="0">
  <testcase name="login" time="17.791" classname="com.TestClasses.TestIndexPage1"/>
  <testcase name="verifyTitle" time="0.092" classname="com.TestClasses.TestDownloadsPage"/>
  <testcase name="varifyUsersText" time="0.347" classname="com.TestClasses.TestDownloadsPage"/>
  <testcase name="varifyHome" time="0.098" classname="com.TestClasses.TestDownloadsPage"/>
  <testcase name="varifyJBKTextInNavBar" time="0.044" classname="com.TestClasses.TestDownloadsPage"/>
  <testcase name="varifyLeftBar" time="0.445" classname="com.TestClasses.TestDownloadsPage"/>
  <testcase name="varifyFooter" time="0.067" classname="com.TestClasses.TestDownloadsPage"/>
  <testcase name="varifyLogoutText" time="0.055" classname="com.TestClasses.TestDownloadsPage"/>
  <testcase name="varifyDownloadsListText" time="0.05" classname="com.TestClasses.TestDownloadsPage"/>
  <testcase name="clickLogoIMG" time="2.961" classname="com.TestClasses.TestDownloadsPage"/>
  <testcase name="verifyTextInTable" time="9.363" classname="com.TestClasses.TestDownloadsPage">
    <skipped/>
  </testcase> <!-- verifyTextInTable -->
  <testcase name="verifyTextInTable" time="7.171" classname="com.TestClasses.TestDownloadsPage">
    <skipped/>
  </testcase> <!-- verifyTextInTable -->
  <testcase name="verifyTextInTable" time="5.802" classname="com.TestClasses.TestDownloadsPage">
    <skipped/>
  </testcase> <!-- verifyTextInTable -->
  <testcase name="verifyTextInTable" time="5.817" classname="com.TestClasses.TestDownloadsPage">
    <failure type="org.openqa.selenium.StaleElementReferenceException" message="stale element reference: element is not attached to the page document
  (Session info: chrome=90.0.4430.93)
For documentation on this error, please visit: https://www.seleniumhq.org/exceptions/stale_element_reference.html
Build info: version: &amp;apos;3.141.59&amp;apos;, revision: &amp;apos;e82be7d358&amp;apos;, time: &amp;apos;2018-11-14T08:17:03&amp;apos;
System info: host: &amp;apos;DESKTOP-O3R1SP1&amp;apos;, ip: &amp;apos;192.168.43.64&amp;apos;, os.name: &amp;apos;Windows 10&amp;apos;, os.arch: &amp;apos;amd64&amp;apos;, os.version: &amp;apos;10.0&amp;apos;, java.version: &amp;apos;1.8.0_144&amp;apos;
Driver info: org.openqa.selenium.chrome.ChromeDriver
Capabilities {acceptInsecureCerts: false, browserName: chrome, browserVersion: 90.0.4430.93, chrome: {chromedriverVersion: 90.0.4430.24 (4c6d850f087da..., userDataDir: C:\Users\VIJAYG~1\AppData\L...}, goog:chromeOptions: {debuggerAddress: localhost:53889}, javascriptEnabled: true, networkConnectionEnabled: false, pageLoadStrategy: normal, platform: WINDOWS, platformName: WINDOWS, proxy: Proxy(), setWindowRect: true, strictFileInteractability: false, timeouts: {implicit: 0, pageLoad: 300000, script: 30000}, unhandledPromptBehavior: dismiss and notify, webauthn:extension:largeBlob: true, webauthn:virtualAuthenticators: true}
Session ID: 41322d6f56f43d77213921e85a63367d">
      <![CDATA[org.openqa.selenium.StaleElementReferenceException: stale element reference: element is not attached to the page document
  (Session info: chrome=90.0.4430.93)
For documentation on this error, please visit: https://www.seleniumhq.org/exceptions/stale_element_reference.html
Build info: version: '3.141.59', revision: 'e82be7d358', time: '2018-11-14T08:17:03'
System info: host: 'DESKTOP-O3R1SP1', ip: '192.168.43.64', os.name: 'Windows 10', os.arch: 'amd64', os.version: '10.0', java.version: '1.8.0_144'
Driver info: org.openqa.selenium.chrome.ChromeDriver
Capabilities {acceptInsecureCerts: false, browserName: chrome, browserVersion: 90.0.4430.93, chrome: {chromedriverVersion: 90.0.4430.24 (4c6d850f087da..., userDataDir: C:\Users\VIJAYG~1\AppData\L...}, goog:chromeOptions: {debuggerAddress: localhost:53889}, javascriptEnabled: true, networkConnectionEnabled: false, pageLoadStrategy: normal, platform: WINDOWS, platformName: WINDOWS, proxy: Proxy(), setWindowRect: true, strictFileInteractability: false, timeouts: {implicit: 0, pageLoad: 300000, script: 30000}, unhandledPromptBehavior: dismiss and notify, webauthn:extension:largeBlob: true, webauthn:virtualAuthenticators: true}
Session ID: 41322d6f56f43d77213921e85a63367d
at org.openqa.selenium.remote.http.W3CHttpResponseCodec.createException(W3CHttpResponseCodec.java:187)
at org.openqa.selenium.remote.http.W3CHttpResponseCodec.decode(W3CHttpResponseCodec.java:122)
at org.openqa.selenium.remote.http.W3CHttpResponseCodec.decode(W3CHttpResponseCodec.java:49)
at org.openqa.selenium.remote.HttpCommandExecutor.execute(HttpCommandExecutor.java:158)
at org.openqa.selenium.remote.service.DriverCommandExecutor.execute(DriverCommandExecutor.java:83)
at org.openqa.selenium.remote.RemoteWebDriver.execute(RemoteWebDriver.java:552)
at org.openqa.selenium.remote.RemoteWebElement.execute(RemoteWebElement.java:285)
at org.openqa.selenium.remote.RemoteWebElement.click(RemoteWebElement.java:84)
at jbk.pages.DownloadsPage.lambda$textInTable$1(DownloadsPage.java:113)
at java.util.ArrayList.forEach(ArrayList.java:1249)
at org.openqa.selenium.support.pagefactory.internal.LocatingElementListHandler.invoke(LocatingElementListHandler.java:39)
at com.sun.proxy.$Proxy10.forEach(Unknown Source)
at jbk.pages.DownloadsPage.textInTable(DownloadsPage.java:112)
at com.TestClasses.TestDownloadsPage.verifyTextInTable(TestDownloadsPage.java:135)
at java.util.concurrent.ThreadPoolExecutor.runWorker(ThreadPoolExecutor.java:1149)
at java.util.concurrent.ThreadPoolExecutor$Worker.run(ThreadPoolExecutor.java:624)
at java.lang.Thread.run(Thread.java:748)
... Removed 18 stack frames]]>
    </failure>
  </testcase> <!-- verifyTextInTable -->
  <testcase name="verifyTextInTable" time="28.482" classname="com.TestClasses.TestDownloadsPage">
    <failure type="org.openqa.selenium.NoSuchSessionException" message="invalid session id
Build info: version: &amp;apos;3.141.59&amp;apos;, revision: &amp;apos;e82be7d358&amp;apos;, time: &amp;apos;2018-11-14T08:17:03&amp;apos;
System info: host: &amp;apos;DESKTOP-O3R1SP1&amp;apos;, ip: &amp;apos;192.168.43.64&amp;apos;, os.name: &amp;apos;Windows 10&amp;apos;, os.arch: &amp;apos;amd64&amp;apos;, os.version: &amp;apos;10.0&amp;apos;, java.version: &amp;apos;1.8.0_144&amp;apos;
Driver info: org.openqa.selenium.chrome.ChromeDriver
Capabilities {acceptInsecureCerts: false, browserName: chrome, browserVersion: 90.0.4430.93, chrome: {chromedriverVersion: 90.0.4430.24 (4c6d850f087da..., userDataDir: C:\Users\VIJAYG~1\AppData\L...}, goog:chromeOptions: {debuggerAddress: localhost:53911}, javascriptEnabled: true, networkConnectionEnabled: false, pageLoadStrategy: normal, platform: WINDOWS, platformName: WINDOWS, proxy: Proxy(), setWindowRect: true, strictFileInteractability: false, timeouts: {implicit: 0, pageLoad: 300000, script: 30000}, unhandledPromptBehavior: dismiss and notify, webauthn:extension:largeBlob: true, webauthn:virtualAuthenticators: true}
Session ID: 2ba31875137d7055c3cc337a6cb6f5ee">
      <![CDATA[org.openqa.selenium.NoSuchSessionException: invalid session id
Build info: version: '3.141.59', revision: 'e82be7d358', time: '2018-11-14T08:17:03'
System info: host: 'DESKTOP-O3R1SP1', ip: '192.168.43.64', os.name: 'Windows 10', os.arch: 'amd64', os.version: '10.0', java.version: '1.8.0_144'
Driver info: org.openqa.selenium.chrome.ChromeDriver
Capabilities {acceptInsecureCerts: false, browserName: chrome, browserVersion: 90.0.4430.93, chrome: {chromedriverVersion: 90.0.4430.24 (4c6d850f087da..., userDataDir: C:\Users\VIJAYG~1\AppData\L...}, goog:chromeOptions: {debuggerAddress: localhost:53911}, javascriptEnabled: true, networkConnectionEnabled: false, pageLoadStrategy: normal, platform: WINDOWS, platformName: WINDOWS, proxy: Proxy(), setWindowRect: true, strictFileInteractability: false, timeouts: {implicit: 0, pageLoad: 300000, script: 30000}, unhandledPromptBehavior: dismiss and notify, webauthn:extension:largeBlob: true, webauthn:virtualAuthenticators: true}
Session ID: 2ba31875137d7055c3cc337a6cb6f5ee
at org.openqa.selenium.remote.http.W3CHttpResponseCodec.createException(W3CHttpResponseCodec.java:187)
at org.openqa.selenium.remote.http.W3CHttpResponseCodec.decode(W3CHttpResponseCodec.java:122)
at org.openqa.selenium.remote.http.W3CHttpResponseCodec.decode(W3CHttpResponseCodec.java:49)
at org.openqa.selenium.remote.HttpCommandExecutor.execute(HttpCommandExecutor.java:158)
at org.openqa.selenium.remote.service.DriverCommandExecutor.execute(DriverCommandExecutor.java:83)
at org.openqa.selenium.remote.RemoteWebDriver.execute(RemoteWebDriver.java:552)
at org.openqa.selenium.remote.RemoteWebDriver.execute(RemoteWebDriver.java:609)
at org.openqa.selenium.remote.RemoteWebDriver.getScreenshotAs(RemoteWebDriver.java:295)
at com.Listener.ClassITestListener.onTestFailure(ClassITestListener.java:38)
at java.util.concurrent.ThreadPoolExecutor.runWorker(ThreadPoolExecutor.java:1149)
at java.util.concurrent.ThreadPoolExecutor$Worker.run(ThreadPoolExecutor.java:624)
at java.lang.Thread.run(Thread.java:748)
... Removed 11 stack frames]]>
    </failure>
  </testcase> <!-- verifyTextInTable -->
  <testcase name="clickImages" time="10.923" classname="com.TestClasses.TestDownloadsPage"/>
  <testcase name="clickHome" time="0.648" classname="com.TestClasses.TestDownloadsPage"/>
  <testcase name="clickJBKTextInNavBar" time="1.749" classname="com.TestClasses.TestDownloadsPage"/>
  <testcase name="clickOnlineText" time="0.167" classname="com.TestClasses.TestDownloadsPage"/>
  <testcase name="clickFooter" time="18.353" classname="com.TestClasses.TestDownloadsPage"/>
  <testcase name="clickLogout" time="0.928" classname="com.TestClasses.TestDownloadsPage"/>
  <testcase name="verifyLogoutText" time="0.047" classname="com.TestClasses.TestDownloadsPage"/>
</testsuite> <!-- Test -->
