<?xml version="1.0" encoding="UTF-8"?>
<testng-results skipped="3" failed="0" ignored="0" total="20" passed="17">
  <reporter-output>
  </reporter-output>
  <suite name="Suite" duration-ms="126614" started-at="2021-05-02T17:04:44Z" finished-at="2021-05-02T17:06:51Z">
    <groups>
    </groups>
    <test name="Test" duration-ms="126614" started-at="2021-05-02T17:04:44Z" finished-at="2021-05-02T17:06:51Z">
      <class name="com.TestClasses.TestDownloadsPage">
        <test-method status="PASS" signature="setdp()[pri:0, instance:com.TestClasses.TestDownloadsPage@520a3426]" name="setdp" is-config="true" duration-ms="41941" started-at="2021-05-02T17:04:44Z" finished-at="2021-05-02T17:05:26Z">
          <reporter-output>
          </reporter-output>
        </test-method> <!-- setdp -->
        <test-method status="PASS" signature="verifyTitle()[pri:1, instance:com.TestClasses.TestDownloadsPage@520a3426]" name="verifyTitle" duration-ms="92" started-at="2021-05-02T17:05:44Z" finished-at="2021-05-02T17:05:44Z">
          <reporter-output>
          </reporter-output>
        </test-method> <!-- verifyTitle -->
        <test-method status="PASS" signature="varifyUsersText()[pri:2, instance:com.TestClasses.TestDownloadsPage@520a3426]" name="varifyUsersText" duration-ms="347" started-at="2021-05-02T17:05:44Z" depends-on-methods="com.TestClasses.TestDownloadsPage.verifyTitle" finished-at="2021-05-02T17:05:45Z">
          <reporter-output>
          </reporter-output>
        </test-method> <!-- varifyUsersText -->
        <test-method status="PASS" signature="varifyHome()[pri:3, instance:com.TestClasses.TestDownloadsPage@520a3426]" name="varifyHome" duration-ms="98" started-at="2021-05-02T17:05:45Z" depends-on-methods="com.TestClasses.TestDownloadsPage.verifyTitle" finished-at="2021-05-02T17:05:45Z">
          <reporter-output>
          </reporter-output>
        </test-method> <!-- varifyHome -->
        <test-method status="PASS" signature="varifyJBKTextInNavBar()[pri:4, instance:com.TestClasses.TestDownloadsPage@520a3426]" name="varifyJBKTextInNavBar" duration-ms="44" started-at="2021-05-02T17:05:45Z" depends-on-methods="com.TestClasses.TestDownloadsPage.verifyTitle" finished-at="2021-05-02T17:05:45Z">
          <reporter-output>
          </reporter-output>
        </test-method> <!-- varifyJBKTextInNavBar -->
        <test-method status="PASS" signature="varifyLeftBar()[pri:5, instance:com.TestClasses.TestDownloadsPage@520a3426]" name="varifyLeftBar" duration-ms="445" started-at="2021-05-02T17:05:45Z" depends-on-methods="com.TestClasses.TestDownloadsPage.verifyTitle" finished-at="2021-05-02T17:05:45Z">
          <reporter-output>
          </reporter-output>
        </test-method> <!-- varifyLeftBar -->
        <test-method status="PASS" signature="varifyFooter()[pri:6, instance:com.TestClasses.TestDownloadsPage@520a3426]" name="varifyFooter" duration-ms="67" started-at="2021-05-02T17:05:45Z" depends-on-methods="com.TestClasses.TestDownloadsPage.verifyTitle" finished-at="2021-05-02T17:05:45Z">
          <reporter-output>
          </reporter-output>
        </test-method> <!-- varifyFooter -->
        <test-method status="PASS" signature="varifyLogoutText()[pri:7, instance:com.TestClasses.TestDownloadsPage@520a3426]" name="varifyLogoutText" duration-ms="55" started-at="2021-05-02T17:05:45Z" finished-at="2021-05-02T17:05:45Z">
          <reporter-output>
          </reporter-output>
        </test-method> <!-- varifyLogoutText -->
        <test-method status="PASS" signature="varifyDownloadsListText()[pri:8, instance:com.TestClasses.TestDownloadsPage@520a3426]" name="varifyDownloadsListText" duration-ms="50" started-at="2021-05-02T17:05:45Z" finished-at="2021-05-02T17:05:45Z">
          <reporter-output>
          </reporter-output>
        </test-method> <!-- varifyDownloadsListText -->
        <test-method status="PASS" signature="clickLogoIMG()[pri:9, instance:com.TestClasses.TestDownloadsPage@520a3426]" name="clickLogoIMG" duration-ms="2961" started-at="2021-05-02T17:05:45Z" finished-at="2021-05-02T17:05:48Z">
          <reporter-output>
          </reporter-output>
        </test-method> <!-- clickLogoIMG -->
        <test-method status="SKIP" signature="verifyTextInTable()[pri:10, instance:com.TestClasses.TestDownloadsPage@520a3426]" name="verifyTextInTable" duration-ms="9363" started-at="2021-05-02T17:05:48Z" finished-at="2021-05-02T17:05:58Z">
          <exception class="org.openqa.selenium.StaleElementReferenceException">
            <message>
              <![CDATA[stale element reference: element is not attached to the page document
  (Session info: chrome=90.0.4430.93)
For documentation on this error, please visit: https://www.seleniumhq.org/exceptions/stale_element_reference.html
Build info: version: '3.141.59', revision: 'e82be7d358', time: '2018-11-14T08:17:03'
System info: host: 'DESKTOP-O3R1SP1', ip: '192.168.43.64', os.name: 'Windows 10', os.arch: 'amd64', os.version: '10.0', java.version: '1.8.0_144'
Driver info: org.openqa.selenium.chrome.ChromeDriver
Capabilities {acceptInsecureCerts: false, browserName: chrome, browserVersion: 90.0.4430.93, chrome: {chromedriverVersion: 90.0.4430.24 (4c6d850f087da..., userDataDir: C:\Users\VIJAYG~1\AppData\L...}, goog:chromeOptions: {debuggerAddress: localhost:53889}, javascriptEnabled: true, networkConnectionEnabled: false, pageLoadStrategy: normal, platform: WINDOWS, platformName: WINDOWS, proxy: Proxy(), setWindowRect: true, strictFileInteractability: false, timeouts: {implicit: 0, pageLoad: 300000, script: 30000}, unhandledPromptBehavior: dismiss and notify, webauthn:extension:largeBlob: true, webauthn:virtualAuthenticators: true}
Session ID: 41322d6f56f43d77213921e85a63367d]]>
            </message>
            <full-stacktrace>
              <![CDATA[org.openqa.selenium.StaleElementReferenceException: stale element reference: element is not attached to the page document
  (Session info: chrome=90.0.4430.93)
For documentation on this error, please visit: https://www.seleniumhq.org/exceptions/stale_element_reference.html
Build info: version: '3.141.59', revision: 'e82be7d358', time: '2018-11-14T08:17:03'
System info: host: 'DESKTOP-O3R1SP1', ip: '192.168.43.64', os.name: 'Windows 10', os.arch: 'amd64', os.version: '10.0', java.version: '1.8.0_144'
Driver info: org.openqa.selenium.chrome.ChromeDriver
Capabilities {acceptInsecureCerts: false, browserName: chrome, browserVersion: 90.0.4430.93, chrome: {chromedriverVersion: 90.0.4430.24 (4c6d850f087da..., userDataDir: C:\Users\VIJAYG~1\AppData\L...}, goog:chromeOptions: {debuggerAddress: localhost:53889}, javascriptEnabled: true, networkConnectionEnabled: false, pageLoadStrategy: normal, platform: WINDOWS, platformName: WINDOWS, proxy: Proxy(), setWindowRect: true, strictFileInteractability: false, timeouts: {implicit: 0, pageLoad: 300000, script: 30000}, unhandledPromptBehavior: dismiss and notify, webauthn:extension:largeBlob: true, webauthn:virtualAuthenticators: true}
Session ID: 41322d6f56f43d77213921e85a63367d
at sun.reflect.NativeConstructorAccessorImpl.newInstance0(Native Method)
at sun.reflect.NativeConstructorAccessorImpl.newInstance(NativeConstructorAccessorImpl.java:62)
at sun.reflect.DelegatingConstructorAccessorImpl.newInstance(DelegatingConstructorAccessorImpl.java:45)
at java.lang.reflect.Constructor.newInstance(Constructor.java:423)
at org.openqa.selenium.remote.http.W3CHttpResponseCodec.createException(W3CHttpResponseCodec.java:187)
at org.openqa.selenium.remote.http.W3CHttpResponseCodec.decode(W3CHttpResponseCodec.java:122)
at org.openqa.selenium.remote.http.W3CHttpResponseCodec.decode(W3CHttpResponseCodec.java:49)
at org.openqa.selenium.remote.HttpCommandExecutor.execute(HttpCommandExecutor.java:158)
at org.openqa.selenium.remote.service.DriverCommandExecutor.execute(DriverCommandExecutor.java:83)
at org.openqa.selenium.remote.RemoteWebDriver.execute(RemoteWebDriver.java:552)
at org.openqa.selenium.remote.RemoteWebElement.execute(RemoteWebElement.java:285)
at org.openqa.selenium.remote.RemoteWebElement.click(RemoteWebElement.java:84)
at jbk.pages.DownloadsPage.lambda$textInTable$1(DownloadsPage.java:113)
at java.util.ArrayList.forEach(ArrayList.java:1249)
at sun.reflect.NativeMethodAccessorImpl.invoke0(Native Method)
at sun.reflect.NativeMethodAccessorImpl.invoke(NativeMethodAccessorImpl.java:62)
at sun.reflect.DelegatingMethodAccessorImpl.invoke(DelegatingMethodAccessorImpl.java:43)
at java.lang.reflect.Method.invoke(Method.java:498)
at org.openqa.selenium.support.pagefactory.internal.LocatingElementListHandler.invoke(LocatingElementListHandler.java:39)
at com.sun.proxy.$Proxy10.forEach(Unknown Source)
at jbk.pages.DownloadsPage.textInTable(DownloadsPage.java:112)
at com.TestClasses.TestDownloadsPage.verifyTextInTable(TestDownloadsPage.java:135)
at sun.reflect.NativeMethodAccessorImpl.invoke0(Native Method)
at sun.reflect.NativeMethodAccessorImpl.invoke(NativeMethodAccessorImpl.java:62)
at sun.reflect.DelegatingMethodAccessorImpl.invoke(DelegatingMethodAccessorImpl.java:43)
at java.lang.reflect.Method.invoke(Method.java:498)
at org.testng.internal.MethodInvocationHelper.invokeMethod(MethodInvocationHelper.java:124)
at org.testng.internal.Invoker.invokeMethod(Invoker.java:583)
at org.testng.internal.Invoker.invokeTestMethod(Invoker.java:719)
at org.testng.internal.Invoker.invokeTestMethods(Invoker.java:989)
at org.testng.internal.TestMethodWorker.invokeTestMethods(TestMethodWorker.java:125)
at org.testng.internal.TestMethodWorker.run(TestMethodWorker.java:109)
at java.util.concurrent.ThreadPoolExecutor.runWorker(ThreadPoolExecutor.java:1149)
at java.util.concurrent.ThreadPoolExecutor$Worker.run(ThreadPoolExecutor.java:624)
at java.lang.Thread.run(Thread.java:748)
]]>
            </full-stacktrace>
          </exception> <!-- org.openqa.selenium.StaleElementReferenceException -->
          <reporter-output>
          </reporter-output>
        </test-method> <!-- verifyTextInTable -->
        <test-method status="SKIP" signature="verifyTextInTable()[pri:10, instance:com.TestClasses.TestDownloadsPage@520a3426]" name="verifyTextInTable" duration-ms="7171" started-at="2021-05-02T17:05:58Z" finished-at="2021-05-02T17:06:05Z">
          <exception class="org.openqa.selenium.StaleElementReferenceException">
            <message>
              <![CDATA[stale element reference: element is not attached to the page document
  (Session info: chrome=90.0.4430.93)
For documentation on this error, please visit: https://www.seleniumhq.org/exceptions/stale_element_reference.html
Build info: version: '3.141.59', revision: 'e82be7d358', time: '2018-11-14T08:17:03'
System info: host: 'DESKTOP-O3R1SP1', ip: '192.168.43.64', os.name: 'Windows 10', os.arch: 'amd64', os.version: '10.0', java.version: '1.8.0_144'
Driver info: org.openqa.selenium.chrome.ChromeDriver
Capabilities {acceptInsecureCerts: false, browserName: chrome, browserVersion: 90.0.4430.93, chrome: {chromedriverVersion: 90.0.4430.24 (4c6d850f087da..., userDataDir: C:\Users\VIJAYG~1\AppData\L...}, goog:chromeOptions: {debuggerAddress: localhost:53889}, javascriptEnabled: true, networkConnectionEnabled: false, pageLoadStrategy: normal, platform: WINDOWS, platformName: WINDOWS, proxy: Proxy(), setWindowRect: true, strictFileInteractability: false, timeouts: {implicit: 0, pageLoad: 300000, script: 30000}, unhandledPromptBehavior: dismiss and notify, webauthn:extension:largeBlob: true, webauthn:virtualAuthenticators: true}
Session ID: 41322d6f56f43d77213921e85a63367d]]>
            </message>
            <full-stacktrace>
              <![CDATA[org.openqa.selenium.StaleElementReferenceException: stale element reference: element is not attached to the page document
  (Session info: chrome=90.0.4430.93)
For documentation on this error, please visit: https://www.seleniumhq.org/exceptions/stale_element_reference.html
Build info: version: '3.141.59', revision: 'e82be7d358', time: '2018-11-14T08:17:03'
System info: host: 'DESKTOP-O3R1SP1', ip: '192.168.43.64', os.name: 'Windows 10', os.arch: 'amd64', os.version: '10.0', java.version: '1.8.0_144'
Driver info: org.openqa.selenium.chrome.ChromeDriver
Capabilities {acceptInsecureCerts: false, browserName: chrome, browserVersion: 90.0.4430.93, chrome: {chromedriverVersion: 90.0.4430.24 (4c6d850f087da..., userDataDir: C:\Users\VIJAYG~1\AppData\L...}, goog:chromeOptions: {debuggerAddress: localhost:53889}, javascriptEnabled: true, networkConnectionEnabled: false, pageLoadStrategy: normal, platform: WINDOWS, platformName: WINDOWS, proxy: Proxy(), setWindowRect: true, strictFileInteractability: false, timeouts: {implicit: 0, pageLoad: 300000, script: 30000}, unhandledPromptBehavior: dismiss and notify, webauthn:extension:largeBlob: true, webauthn:virtualAuthenticators: true}
Session ID: 41322d6f56f43d77213921e85a63367d
at sun.reflect.NativeConstructorAccessorImpl.newInstance0(Native Method)
at sun.reflect.NativeConstructorAccessorImpl.newInstance(NativeConstructorAccessorImpl.java:62)
at sun.reflect.DelegatingConstructorAccessorImpl.newInstance(DelegatingConstructorAccessorImpl.java:45)
at java.lang.reflect.Constructor.newInstance(Constructor.java:423)
at org.openqa.selenium.remote.http.W3CHttpResponseCodec.createException(W3CHttpResponseCodec.java:187)
at org.openqa.selenium.remote.http.W3CHttpResponseCodec.decode(W3CHttpResponseCodec.java:122)
at org.openqa.selenium.remote.http.W3CHttpResponseCodec.decode(W3CHttpResponseCodec.java:49)
at org.openqa.selenium.remote.HttpCommandExecutor.execute(HttpCommandExecutor.java:158)
at org.openqa.selenium.remote.service.DriverCommandExecutor.execute(DriverCommandExecutor.java:83)
at org.openqa.selenium.remote.RemoteWebDriver.execute(RemoteWebDriver.java:552)
at org.openqa.selenium.remote.RemoteWebElement.execute(RemoteWebElement.java:285)
at org.openqa.selenium.remote.RemoteWebElement.click(RemoteWebElement.java:84)
at jbk.pages.DownloadsPage.lambda$textInTable$1(DownloadsPage.java:113)
at java.util.ArrayList.forEach(ArrayList.java:1249)
at sun.reflect.NativeMethodAccessorImpl.invoke0(Native Method)
at sun.reflect.NativeMethodAccessorImpl.invoke(NativeMethodAccessorImpl.java:62)
at sun.reflect.DelegatingMethodAccessorImpl.invoke(DelegatingMethodAccessorImpl.java:43)
at java.lang.reflect.Method.invoke(Method.java:498)
at org.openqa.selenium.support.pagefactory.internal.LocatingElementListHandler.invoke(LocatingElementListHandler.java:39)
at com.sun.proxy.$Proxy10.forEach(Unknown Source)
at jbk.pages.DownloadsPage.textInTable(DownloadsPage.java:112)
at com.TestClasses.TestDownloadsPage.verifyTextInTable(TestDownloadsPage.java:135)
at sun.reflect.NativeMethodAccessorImpl.invoke0(Native Method)
at sun.reflect.NativeMethodAccessorImpl.invoke(NativeMethodAccessorImpl.java:62)
at sun.reflect.DelegatingMethodAccessorImpl.invoke(DelegatingMethodAccessorImpl.java:43)
at java.lang.reflect.Method.invoke(Method.java:498)
at org.testng.internal.MethodInvocationHelper.invokeMethod(MethodInvocationHelper.java:124)
at org.testng.internal.Invoker.invokeMethod(Invoker.java:583)
at org.testng.internal.Invoker.retryFailed(Invoker.java:839)
at org.testng.internal.Invoker.invokeTestMethods(Invoker.java:1010)
at org.testng.internal.TestMethodWorker.invokeTestMethods(TestMethodWorker.java:125)
at org.testng.internal.TestMethodWorker.run(TestMethodWorker.java:109)
at java.util.concurrent.ThreadPoolExecutor.runWorker(ThreadPoolExecutor.java:1149)
at java.util.concurrent.ThreadPoolExecutor$Worker.run(ThreadPoolExecutor.java:624)
at java.lang.Thread.run(Thread.java:748)
]]>
            </full-stacktrace>
          </exception> <!-- org.openqa.selenium.StaleElementReferenceException -->
          <reporter-output>
          </reporter-output>
        </test-method> <!-- verifyTextInTable -->
        <test-method status="SKIP" signature="verifyTextInTable()[pri:10, instance:com.TestClasses.TestDownloadsPage@520a3426]" name="verifyTextInTable" duration-ms="5802" started-at="2021-05-02T17:06:05Z" finished-at="2021-05-02T17:06:11Z">
          <exception class="org.openqa.selenium.StaleElementReferenceException">
            <message>
              <![CDATA[stale element reference: element is not attached to the page document
  (Session info: chrome=90.0.4430.93)
For documentation on this error, please visit: https://www.seleniumhq.org/exceptions/stale_element_reference.html
Build info: version: '3.141.59', revision: 'e82be7d358', time: '2018-11-14T08:17:03'
System info: host: 'DESKTOP-O3R1SP1', ip: '192.168.43.64', os.name: 'Windows 10', os.arch: 'amd64', os.version: '10.0', java.version: '1.8.0_144'
Driver info: org.openqa.selenium.chrome.ChromeDriver
Capabilities {acceptInsecureCerts: false, browserName: chrome, browserVersion: 90.0.4430.93, chrome: {chromedriverVersion: 90.0.4430.24 (4c6d850f087da..., userDataDir: C:\Users\VIJAYG~1\AppData\L...}, goog:chromeOptions: {debuggerAddress: localhost:53889}, javascriptEnabled: true, networkConnectionEnabled: false, pageLoadStrategy: normal, platform: WINDOWS, platformName: WINDOWS, proxy: Proxy(), setWindowRect: true, strictFileInteractability: false, timeouts: {implicit: 0, pageLoad: 300000, script: 30000}, unhandledPromptBehavior: dismiss and notify, webauthn:extension:largeBlob: true, webauthn:virtualAuthenticators: true}
Session ID: 41322d6f56f43d77213921e85a63367d]]>
            </message>
            <full-stacktrace>
              <![CDATA[org.openqa.selenium.StaleElementReferenceException: stale element reference: element is not attached to the page document
  (Session info: chrome=90.0.4430.93)
For documentation on this error, please visit: https://www.seleniumhq.org/exceptions/stale_element_reference.html
Build info: version: '3.141.59', revision: 'e82be7d358', time: '2018-11-14T08:17:03'
System info: host: 'DESKTOP-O3R1SP1', ip: '192.168.43.64', os.name: 'Windows 10', os.arch: 'amd64', os.version: '10.0', java.version: '1.8.0_144'
Driver info: org.openqa.selenium.chrome.ChromeDriver
Capabilities {acceptInsecureCerts: false, browserName: chrome, browserVersion: 90.0.4430.93, chrome: {chromedriverVersion: 90.0.4430.24 (4c6d850f087da..., userDataDir: C:\Users\VIJAYG~1\AppData\L...}, goog:chromeOptions: {debuggerAddress: localhost:53889}, javascriptEnabled: true, networkConnectionEnabled: false, pageLoadStrategy: normal, platform: WINDOWS, platformName: WINDOWS, proxy: Proxy(), setWindowRect: true, strictFileInteractability: false, timeouts: {implicit: 0, pageLoad: 300000, script: 30000}, unhandledPromptBehavior: dismiss and notify, webauthn:extension:largeBlob: true, webauthn:virtualAuthenticators: true}
Session ID: 41322d6f56f43d77213921e85a63367d
at sun.reflect.NativeConstructorAccessorImpl.newInstance0(Native Method)
at sun.reflect.NativeConstructorAccessorImpl.newInstance(NativeConstructorAccessorImpl.java:62)
at sun.reflect.DelegatingConstructorAccessorImpl.newInstance(DelegatingConstructorAccessorImpl.java:45)
at java.lang.reflect.Constructor.newInstance(Constructor.java:423)
at org.openqa.selenium.remote.http.W3CHttpResponseCodec.createException(W3CHttpResponseCodec.java:187)
at org.openqa.selenium.remote.http.W3CHttpResponseCodec.decode(W3CHttpResponseCodec.java:122)
at org.openqa.selenium.remote.http.W3CHttpResponseCodec.decode(W3CHttpResponseCodec.java:49)
at org.openqa.selenium.remote.HttpCommandExecutor.execute(HttpCommandExecutor.java:158)
at org.openqa.selenium.remote.service.DriverCommandExecutor.execute(DriverCommandExecutor.java:83)
at org.openqa.selenium.remote.RemoteWebDriver.execute(RemoteWebDriver.java:552)
at org.openqa.selenium.remote.RemoteWebElement.execute(RemoteWebElement.java:285)
at org.openqa.selenium.remote.RemoteWebElement.click(RemoteWebElement.java:84)
at jbk.pages.DownloadsPage.lambda$textInTable$1(DownloadsPage.java:113)
at java.util.ArrayList.forEach(ArrayList.java:1249)
at sun.reflect.NativeMethodAccessorImpl.invoke0(Native Method)
at sun.reflect.NativeMethodAccessorImpl.invoke(NativeMethodAccessorImpl.java:62)
at sun.reflect.DelegatingMethodAccessorImpl.invoke(DelegatingMethodAccessorImpl.java:43)
at java.lang.reflect.Method.invoke(Method.java:498)
at org.openqa.selenium.support.pagefactory.internal.LocatingElementListHandler.invoke(LocatingElementListHandler.java:39)
at com.sun.proxy.$Proxy10.forEach(Unknown Source)
at jbk.pages.DownloadsPage.textInTable(DownloadsPage.java:112)
at com.TestClasses.TestDownloadsPage.verifyTextInTable(TestDownloadsPage.java:135)
at sun.reflect.NativeMethodAccessorImpl.invoke0(Native Method)
at sun.reflect.NativeMethodAccessorImpl.invoke(NativeMethodAccessorImpl.java:62)
at sun.reflect.DelegatingMethodAccessorImpl.invoke(DelegatingMethodAccessorImpl.java:43)
at java.lang.reflect.Method.invoke(Method.java:498)
at org.testng.internal.MethodInvocationHelper.invokeMethod(MethodInvocationHelper.java:124)
at org.testng.internal.Invoker.invokeMethod(Invoker.java:583)
at org.testng.internal.Invoker.retryFailed(Invoker.java:839)
at org.testng.internal.Invoker.invokeTestMethods(Invoker.java:1010)
at org.testng.internal.TestMethodWorker.invokeTestMethods(TestMethodWorker.java:125)
at org.testng.internal.TestMethodWorker.run(TestMethodWorker.java:109)
at java.util.concurrent.ThreadPoolExecutor.runWorker(ThreadPoolExecutor.java:1149)
at java.util.concurrent.ThreadPoolExecutor$Worker.run(ThreadPoolExecutor.java:624)
at java.lang.Thread.run(Thread.java:748)
]]>
            </full-stacktrace>
          </exception> <!-- org.openqa.selenium.StaleElementReferenceException -->
          <reporter-output>
          </reporter-output>
        </test-method> <!-- verifyTextInTable -->
        <test-method status="PASS" signature="clickImages()[pri:11, instance:com.TestClasses.TestDownloadsPage@520a3426]" name="clickImages" duration-ms="10923" started-at="2021-05-02T17:06:17Z" finished-at="2021-05-02T17:06:28Z">
          <reporter-output>
          </reporter-output>
        </test-method> <!-- clickImages -->
        <test-method status="PASS" signature="clickHome()[pri:12, instance:com.TestClasses.TestDownloadsPage@520a3426]" name="clickHome" duration-ms="648" started-at="2021-05-02T17:06:28Z" depends-on-methods="com.TestClasses.TestDownloadsPage.verifyTitle" finished-at="2021-05-02T17:06:28Z">
          <reporter-output>
          </reporter-output>
        </test-method> <!-- clickHome -->
        <test-method status="PASS" signature="clickJBKTextInNavBar()[pri:13, instance:com.TestClasses.TestDownloadsPage@520a3426]" name="clickJBKTextInNavBar" duration-ms="1749" started-at="2021-05-02T17:06:28Z" depends-on-methods="com.TestClasses.TestDownloadsPage.verifyTitle" finished-at="2021-05-02T17:06:30Z">
          <reporter-output>
          </reporter-output>
        </test-method> <!-- clickJBKTextInNavBar -->
        <test-method status="PASS" signature="clickOnlineText()[pri:14, instance:com.TestClasses.TestDownloadsPage@520a3426]" name="clickOnlineText" duration-ms="167" started-at="2021-05-02T17:06:30Z" depends-on-methods="com.TestClasses.TestDownloadsPage.verifyTitle" finished-at="2021-05-02T17:06:30Z">
          <reporter-output>
          </reporter-output>
        </test-method> <!-- clickOnlineText -->
        <test-method status="PASS" signature="clickFooter()[pri:15, instance:com.TestClasses.TestDownloadsPage@520a3426]" name="clickFooter" duration-ms="18353" started-at="2021-05-02T17:06:30Z" depends-on-methods="com.TestClasses.TestDownloadsPage.verifyTitle" finished-at="2021-05-02T17:06:49Z">
          <reporter-output>
          </reporter-output>
        </test-method> <!-- clickFooter -->
        <test-method status="PASS" signature="clickLogout()[pri:16, instance:com.TestClasses.TestDownloadsPage@520a3426]" name="clickLogout" duration-ms="928" started-at="2021-05-02T17:06:49Z" finished-at="2021-05-02T17:06:50Z">
          <reporter-output>
          </reporter-output>
        </test-method> <!-- clickLogout -->
        <test-method status="PASS" signature="verifyLogoutText()[pri:17, instance:com.TestClasses.TestDownloadsPage@520a3426]" name="verifyLogoutText" duration-ms="47" started-at="2021-05-02T17:06:50Z" depends-on-methods="com.TestClasses.TestDownloadsPage.clickLogout" finished-at="2021-05-02T17:06:50Z">
          <reporter-output>
          </reporter-output>
        </test-method> <!-- verifyLogoutText -->
        <test-method status="PASS" signature="close()[pri:0, instance:com.TestClasses.TestDownloadsPage@520a3426]" name="close" is-config="true" duration-ms="1221" started-at="2021-05-02T17:06:50Z" finished-at="2021-05-02T17:06:51Z">
          <reporter-output>
          </reporter-output>
        </test-method> <!-- close -->
      </class> <!-- com.TestClasses.TestDownloadsPage -->
      <class name="com.TestClasses.TestIndexPage1">
        <test-method status="PASS" signature="login()[pri:0, instance:com.TestClasses.TestIndexPage1@18eed359]" name="login" duration-ms="17791" started-at="2021-05-02T17:05:26Z" finished-at="2021-05-02T17:05:44Z">
          <reporter-output>
          </reporter-output>
        </test-method> <!-- login -->
      </class> <!-- com.TestClasses.TestIndexPage1 -->
    </test> <!-- Test -->
  </suite> <!-- Suite -->
</testng-results>
